<?xml version="1.0" encoding="UTF-8"?>
<!-- Generated by org.testng.reporters.JUnitXMLReporter -->
<testsuite hostname="Testing-PC" ignored="0" name="ChromeTest" tests="1" failures="0" timestamp="14 Feb 2017 13:20:32 GMT" time="0.074" errors="0">
  <testcase name="@BeforeTest beforeClass" time="0.0" classname="utility.BaseClass">
    <failure type="org.testng.TestNGException" message="
Parameter &amp;apos;myBrowser&amp;apos; is required by BeforeTest on method beforeClass but has not been marked @Optional or defined
in C:\Users\sarvesh\sai\TurboPro\testng.xml">
      <![CDATA[org.testng.TestNGException: 
Parameter 'myBrowser' is required by BeforeTest on method beforeClass but has not been marked @Optional or defined
in C:\Users\sarvesh\sai\TurboPro\testng.xml
... Removed 20 stack frames]]>
    </failure>
  </testcase> <!-- @BeforeTest beforeClass -->
  <testcase name="@AfterClass afterClass" time="0.0" classname="utility.BaseClass">
    <skipped/>
  </testcase> <!-- @AfterClass afterClass -->
  <testcase name="main" time="0.01" classname="utility.TestListener">
    <skipped/>
  </testcase> <!-- main -->
</testsuite> <!-- ChromeTest -->
